<?xml version="1.0" encoding="UTF-8"?>
<testsuites>
	<testsuite name="MyTest-20211130145749" tests="3" file=".py" time="1.127" timestamp="2021-11-30T14:57:50" failures="0" errors="0" skipped="0">
		<testcase classname="MyTest" name="test_run_case_1_14" time="0.040" timestamp="2021-11-30T14:57:49" file="interface_app/extend/task_run.py" line="15">
			<!--test_run_case_1_14-->
		</testcase>
		<testcase classname="MyTest" name="test_run_case_2_15" time="0.519" timestamp="2021-11-30T14:57:49" file="interface_app/extend/task_run.py" line="15">
			<!--test_run_case_2_15-->
		</testcase>
		<testcase classname="MyTest" name="test_run_case_3_18" time="0.569" timestamp="2021-11-30T14:57:50" file="interface_app/extend/task_run.py" line="15">
			<!--test_run_case_3_18-->
		</testcase>
	</testsuite>
</testsuites>
